<?xml version="1.0" encoding="UTF-8"?>
<testng-results ignored="0" total="2" passed="2" failed="0" skipped="0">
  <reporter-output>
  </reporter-output>
  <suite started-at="2024-06-29T03:33:00 IST" name="Default suite" finished-at="2024-06-29T03:33:11 IST" duration-ms="11151">
    <groups>
    </groups>
    <test started-at="2024-06-29T03:33:00 IST" name="Default test" finished-at="2024-06-29T03:33:11 IST" duration-ms="11151">
      <class name="com.amazon.qa.testcases.LoginPageTest">
        <test-method is-config="true" signature="Setup()[pri:0, instance:com.amazon.qa.testcases.LoginPageTest@272113c4]" started-at="2024-06-29T03:33:00 IST" name="Setup" finished-at="2024-06-29T03:33:05 IST" duration-ms="4274" status="PASS">
          <reporter-output>
          </reporter-output>
        </test-method> <!-- Setup -->
        <test-method signature="LoginTitleTest()[pri:0, instance:com.amazon.qa.testcases.LoginPageTest@272113c4]" started-at="2024-06-29T03:33:05 IST" name="LoginTitleTest" finished-at="2024-06-29T03:33:05 IST" duration-ms="53" status="PASS">
          <reporter-output>
          </reporter-output>
        </test-method> <!-- LoginTitleTest -->
        <test-method is-config="true" signature="teardown()[pri:0, instance:com.amazon.qa.testcases.LoginPageTest@272113c4]" started-at="2024-06-29T03:33:05 IST" name="teardown" finished-at="2024-06-29T03:33:05 IST" duration-ms="431" status="PASS">
          <reporter-output>
          </reporter-output>
        </test-method> <!-- teardown -->
        <test-method is-config="true" signature="Setup()[pri:0, instance:com.amazon.qa.testcases.LoginPageTest@272113c4]" started-at="2024-06-29T03:33:05 IST" name="Setup" finished-at="2024-06-29T03:33:09 IST" duration-ms="4336" status="PASS">
          <reporter-output>
          </reporter-output>
        </test-method> <!-- Setup -->
        <test-method signature="loginTest()[pri:0, instance:com.amazon.qa.testcases.LoginPageTest@272113c4]" started-at="2024-06-29T03:33:09 IST" name="loginTest" finished-at="2024-06-29T03:33:11 IST" duration-ms="1715" status="PASS">
          <reporter-output>
          </reporter-output>
        </test-method> <!-- loginTest -->
        <test-method is-config="true" signature="teardown()[pri:0, instance:com.amazon.qa.testcases.LoginPageTest@272113c4]" started-at="2024-06-29T03:33:11 IST" name="teardown" finished-at="2024-06-29T03:33:11 IST" duration-ms="288" status="PASS">
          <reporter-output>
          </reporter-output>
        </test-method> <!-- teardown -->
      </class> <!-- com.amazon.qa.testcases.LoginPageTest -->
    </test> <!-- Default test -->
  </suite> <!-- Default suite -->
</testng-results>
